<?xml version="1.0" encoding="UTF-8"?>
<!-- Generated by org.testng.reporters.JUnitXMLReporter -->
<testsuite hostname="DESKTOP-JHU342G" ignored="0" name="Surefire test" tests="2" failures="1" timestamp="04 sep 2020 01:52:36 GMT" time="28.24" errors="0">
  <testcase name="testCalculadoraCompleja" time="1.399" classname="com.com470.seleniumCalculadora.SeleniumCalculadoraAppApplicationNGTest">
    <failure type="java.lang.AssertionError" message="expected [true] but found [false]">
      <![CDATA[java.lang.AssertionError: expected [true] but found [false]
at com.com470.seleniumCalculadora.SeleniumCalculadoraAppApplicationNGTest.calcularComplejo(SeleniumCalculadoraAppApplicationNGTest.java:63)
at com.com470.seleniumCalculadora.SeleniumCalculadoraAppApplicationNGTest.testCalculadoraCompleja(SeleniumCalculadoraAppApplicationNGTest.java:43)
... Removed 33 stack frames]]>
    </failure>
  </testcase> <!-- testCalculadoraCompleja -->
  <testcase name="testCalculadoraSimple" time="6.133" classname="com.com470.seleniumCalculadora.SeleniumCalculadoraAppApplicationNGTest"/>
</testsuite> <!-- Surefire test -->
