-------------------------------------------------------------------------------
Test set: com.com470.seleniumCalculadora.SeleniumCalculadoraAppApplicationNGTest
-------------------------------------------------------------------------------
Tests run: 2, Failures: 1, Errors: 0, Skipped: 0, Time elapsed: 28.945 sec <<< FAILURE! - in com.com470.seleniumCalculadora.SeleniumCalculadoraAppApplicationNGTest
testCalculadoraCompleja(com.com470.seleniumCalculadora.SeleniumCalculadoraAppApplicationNGTest)  Time elapsed: 1.406 sec  <<< FAILURE!
java.lang.AssertionError: expected [true] but found [false]
	at com.com470.seleniumCalculadora.SeleniumCalculadoraAppApplicationNGTest.calcularComplejo(SeleniumCalculadoraAppApplicationNGTest.java:63)
	at com.com470.seleniumCalculadora.SeleniumCalculadoraAppApplicationNGTest.testCalculadoraCompleja(SeleniumCalculadoraAppApplicationNGTest.java:43)

