<?xml version="1.0" encoding="UTF-8"?>
<testng-results skipped="0" failed="1" ignored="0" total="2" passed="1">
  <reporter-output>
  </reporter-output>
  <suite name="Surefire suite" duration-ms="28240" started-at="2020-09-04T01:52:08Z" finished-at="2020-09-04T01:52:36Z">
    <groups>
    </groups>
    <test name="Surefire test" duration-ms="28240" started-at="2020-09-04T01:52:08Z" finished-at="2020-09-04T01:52:36Z">
      <class name="com.com470.seleniumCalculadora.SeleniumCalculadoraAppApplicationNGTest">
        <test-method status="PASS" signature="setUpMethod()[pri:0, instance:com.com470.seleniumCalculadora.SeleniumCalculadoraAppApplicationNGTest@5034c75a]" name="setUpMethod" is-config="true" duration-ms="9740" started-at="2020-09-04T01:52:08Z" finished-at="2020-09-04T01:52:18Z">
          <reporter-output>
          </reporter-output>
        </test-method> <!-- setUpMethod -->
        <test-method status="FAIL" signature="testCalculadoraCompleja()[pri:0, instance:com.com470.seleniumCalculadora.SeleniumCalculadoraAppApplicationNGTest@5034c75a]" name="testCalculadoraCompleja" duration-ms="1399" started-at="2020-09-04T01:52:18Z" finished-at="2020-09-04T01:52:19Z">
          <exception class="java.lang.AssertionError">
            <message>
              <![CDATA[expected [true] but found [false]]]>
            </message>
            <full-stacktrace>
              <![CDATA[java.lang.AssertionError: expected [true] but found [false]
at org.testng.Assert.fail(Assert.java:96)
at org.testng.Assert.failNotEquals(Assert.java:776)
at org.testng.Assert.assertTrue(Assert.java:44)
at org.testng.Assert.assertTrue(Assert.java:54)
at com.com470.seleniumCalculadora.SeleniumCalculadoraAppApplicationNGTest.calcularComplejo(SeleniumCalculadoraAppApplicationNGTest.java:63)
at com.com470.seleniumCalculadora.SeleniumCalculadoraAppApplicationNGTest.testCalculadoraCompleja(SeleniumCalculadoraAppApplicationNGTest.java:43)
at sun.reflect.NativeMethodAccessorImpl.invoke0(Native Method)
at sun.reflect.NativeMethodAccessorImpl.invoke(NativeMethodAccessorImpl.java:62)
at sun.reflect.DelegatingMethodAccessorImpl.invoke(DelegatingMethodAccessorImpl.java:43)
at java.lang.reflect.Method.invoke(Method.java:498)
at org.testng.internal.MethodInvocationHelper.invokeMethod(MethodInvocationHelper.java:124)
at org.testng.internal.Invoker.invokeMethod(Invoker.java:583)
at org.testng.internal.Invoker.invokeTestMethod(Invoker.java:719)
at org.testng.internal.Invoker.invokeTestMethods(Invoker.java:989)
at org.testng.internal.TestMethodWorker.invokeTestMethods(TestMethodWorker.java:125)
at org.testng.internal.TestMethodWorker.run(TestMethodWorker.java:109)
at org.testng.TestRunner.privateRun(TestRunner.java:648)
at org.testng.TestRunner.run(TestRunner.java:505)
at org.testng.SuiteRunner.runTest(SuiteRunner.java:455)
at org.testng.SuiteRunner.runSequentially(SuiteRunner.java:450)
at org.testng.SuiteRunner.privateRun(SuiteRunner.java:415)
at org.testng.SuiteRunner.run(SuiteRunner.java:364)
at org.testng.SuiteRunnerWorker.runSuite(SuiteRunnerWorker.java:52)
at org.testng.SuiteRunnerWorker.run(SuiteRunnerWorker.java:84)
at org.testng.TestNG.runSuitesSequentially(TestNG.java:1208)
at org.testng.TestNG.runSuitesLocally(TestNG.java:1137)
at org.testng.TestNG.runSuites(TestNG.java:1049)
at org.testng.TestNG.run(TestNG.java:1017)
at org.apache.maven.surefire.testng.TestNGExecutor.run(TestNGExecutor.java:132)
at org.apache.maven.surefire.testng.TestNGDirectoryTestSuite.executeSingleClass(TestNGDirectoryTestSuite.java:112)
at org.apache.maven.surefire.testng.TestNGDirectoryTestSuite.execute(TestNGDirectoryTestSuite.java:99)
at org.apache.maven.surefire.testng.TestNGProvider.invoke(TestNGProvider.java:147)
at org.apache.maven.surefire.booter.ForkedBooter.invokeProviderInSameClassLoader(ForkedBooter.java:290)
at org.apache.maven.surefire.booter.ForkedBooter.runSuitesInProcess(ForkedBooter.java:242)
at org.apache.maven.surefire.booter.ForkedBooter.main(ForkedBooter.java:121)
]]>
            </full-stacktrace>
          </exception> <!-- java.lang.AssertionError -->
          <reporter-output>
          </reporter-output>
        </test-method> <!-- testCalculadoraCompleja -->
        <test-method status="PASS" signature="tearDownMethod()[pri:0, instance:com.com470.seleniumCalculadora.SeleniumCalculadoraAppApplicationNGTest@5034c75a]" name="tearDownMethod" is-config="true" duration-ms="1456" started-at="2020-09-04T01:52:19Z" finished-at="2020-09-04T01:52:21Z">
          <reporter-output>
          </reporter-output>
        </test-method> <!-- tearDownMethod -->
        <test-method status="PASS" signature="setUpMethod()[pri:0, instance:com.com470.seleniumCalculadora.SeleniumCalculadoraAppApplicationNGTest@5034c75a]" name="setUpMethod" is-config="true" duration-ms="8807" started-at="2020-09-04T01:52:21Z" finished-at="2020-09-04T01:52:29Z">
          <reporter-output>
          </reporter-output>
        </test-method> <!-- setUpMethod -->
        <test-method status="PASS" signature="testCalculadoraSimple()[pri:0, instance:com.com470.seleniumCalculadora.SeleniumCalculadoraAppApplicationNGTest@5034c75a]" name="testCalculadoraSimple" duration-ms="6133" started-at="2020-09-04T01:52:29Z" finished-at="2020-09-04T01:52:35Z">
          <reporter-output>
          </reporter-output>
        </test-method> <!-- testCalculadoraSimple -->
        <test-method status="PASS" signature="tearDownMethod()[pri:0, instance:com.com470.seleniumCalculadora.SeleniumCalculadoraAppApplicationNGTest@5034c75a]" name="tearDownMethod" is-config="true" duration-ms="659" started-at="2020-09-04T01:52:35Z" finished-at="2020-09-04T01:52:36Z">
          <reporter-output>
          </reporter-output>
        </test-method> <!-- tearDownMethod -->
      </class> <!-- com.com470.seleniumCalculadora.SeleniumCalculadoraAppApplicationNGTest -->
    </test> <!-- Surefire test -->
  </suite> <!-- Surefire suite -->
</testng-results>
